{"total": {"lines":{"total":371,"covered":204,"skipped":0,"pct":54.98},"statements":{"total":394,"covered":211,"skipped":0,"pct":53.55},"functions":{"total":109,"covered":66,"skipped":0,"pct":60.55},"branches":{"total":350,"covered":138,"skipped":0,"pct":39.42},"branchesTrue":{"total":0,"covered":0,"skipped":0,"pct":"Unknown"}}
,"C:\\Metrologia\\lib\\calibration-certificates.ts": {"lines":{"total":27,"covered":16,"skipped":0,"pct":59.25},"functions":{"total":6,"covered":5,"skipped":0,"pct":83.33},"statements":{"total":27,"covered":16,"skipped":0,"pct":59.25},"branches":{"total":18,"covered":9,"skipped":0,"pct":50}}
,"C:\\Metrologia\\lib\\calibration-derivations.ts": {"lines":{"total":57,"covered":52,"skipped":0,"pct":91.22},"functions":{"total":13,"covered":13,"skipped":0,"pct":100},"statements":{"total":66,"covered":58,"skipped":0,"pct":87.87},"branches":{"total":56,"covered":36,"skipped":0,"pct":64.28}}
,"C:\\Metrologia\\lib\\calibration-extraction.ts": {"lines":{"total":28,"covered":26,"skipped":0,"pct":92.85},"functions":{"total":13,"covered":13,"skipped":0,"pct":100},"statements":{"total":30,"covered":27,"skipped":0,"pct":90},"branches":{"total":32,"covered":23,"skipped":0,"pct":71.87}}
,"C:\\Metrologia\\lib\\calibration-records.ts": {"lines":{"total":39,"covered":36,"skipped":0,"pct":92.3},"functions":{"total":9,"covered":9,"skipped":0,"pct":100},"statements":{"total":41,"covered":36,"skipped":0,"pct":87.8},"branches":{"total":39,"covered":26,"skipped":0,"pct":66.66}}
,"C:\\Metrologia\\lib\\calibrations.ts": {"lines":{"total":82,"covered":0,"skipped":0,"pct":0},"functions":{"total":20,"covered":0,"skipped":0,"pct":0},"statements":{"total":86,"covered":0,"skipped":0,"pct":0},"branches":{"total":87,"covered":0,"skipped":0,"pct":0}}
,"C:\\Metrologia\\lib\\categories.ts": {"lines":{"total":5,"covered":5,"skipped":0,"pct":100},"functions":{"total":3,"covered":3,"skipped":0,"pct":100},"statements":{"total":5,"covered":5,"skipped":0,"pct":100},"branches":{"total":5,"covered":3,"skipped":0,"pct":60}}
,"C:\\Metrologia\\lib\\dashboard-metrics.ts": {"lines":{"total":26,"covered":0,"skipped":0,"pct":0},"functions":{"total":12,"covered":0,"skipped":0,"pct":0},"statements":{"total":32,"covered":0,"skipped":0,"pct":0},"branches":{"total":19,"covered":0,"skipped":0,"pct":0}}
,"C:\\Metrologia\\lib\\date-utils.ts": {"lines":{"total":10,"covered":10,"skipped":0,"pct":100},"functions":{"total":3,"covered":3,"skipped":0,"pct":100},"statements":{"total":10,"covered":10,"skipped":0,"pct":100},"branches":{"total":9,"covered":8,"skipped":0,"pct":88.88}}
,"C:\\Metrologia\\lib\\instruments.ts": {"lines":{"total":65,"covered":40,"skipped":0,"pct":61.53},"functions":{"total":15,"covered":13,"skipped":0,"pct":86.66},"statements":{"total":65,"covered":40,"skipped":0,"pct":61.53},"branches":{"total":59,"covered":25,"skipped":0,"pct":42.37}}
,"C:\\Metrologia\\lib\\measurement-fields.ts": {"lines":{"total":9,"covered":2,"skipped":0,"pct":22.22},"functions":{"total":6,"covered":2,"skipped":0,"pct":33.33},"statements":{"total":9,"covered":2,"skipped":0,"pct":22.22},"branches":{"total":16,"covered":1,"skipped":0,"pct":6.25}}
,"C:\\Metrologia\\lib\\measurements.ts": {"lines":{"total":23,"covered":17,"skipped":0,"pct":73.91},"functions":{"total":9,"covered":5,"skipped":0,"pct":55.55},"statements":{"total":23,"covered":17,"skipped":0,"pct":73.91},"branches":{"total":10,"covered":7,"skipped":0,"pct":70}}
}
