{"total": {"lines":{"total":543,"covered":477,"skipped":0,"pct":87.84},"statements":{"total":576,"covered":502,"skipped":0,"pct":87.15},"functions":{"total":152,"covered":143,"skipped":0,"pct":94.07},"branches":{"total":557,"covered":394,"skipped":0,"pct":70.73},"branchesTrue":{"total":0,"covered":0,"skipped":0,"pct":"Unknown"}}
,"C:\\Metrologia\\lib\\calibration-certificate-parsers.ts": {"lines":{"total":97,"covered":84,"skipped":0,"pct":86.59},"functions":{"total":23,"covered":23,"skipped":0,"pct":100},"statements":{"total":106,"covered":93,"skipped":0,"pct":87.73},"branches":{"total":108,"covered":72,"skipped":0,"pct":66.66}}
,"C:\\Metrologia\\lib\\calibration-certificates.ts": {"lines":{"total":27,"covered":27,"skipped":0,"pct":100},"functions":{"total":6,"covered":6,"skipped":0,"pct":100},"statements":{"total":27,"covered":27,"skipped":0,"pct":100},"branches":{"total":18,"covered":15,"skipped":0,"pct":83.33}}
,"C:\\Metrologia\\lib\\calibration-derivations.ts": {"lines":{"total":57,"covered":52,"skipped":0,"pct":91.22},"functions":{"total":13,"covered":13,"skipped":0,"pct":100},"statements":{"total":66,"covered":58,"skipped":0,"pct":87.87},"branches":{"total":56,"covered":36,"skipped":0,"pct":64.28}}
,"C:\\Metrologia\\lib\\calibration-extraction.ts": {"lines":{"total":40,"covered":36,"skipped":0,"pct":90},"functions":{"total":15,"covered":15,"skipped":0,"pct":100},"statements":{"total":42,"covered":37,"skipped":0,"pct":88.09},"branches":{"total":51,"covered":39,"skipped":0,"pct":76.47}}
,"C:\\Metrologia\\lib\\calibration-records.ts": {"lines":{"total":39,"covered":36,"skipped":0,"pct":92.3},"functions":{"total":9,"covered":9,"skipped":0,"pct":100},"statements":{"total":41,"covered":36,"skipped":0,"pct":87.8},"branches":{"total":39,"covered":27,"skipped":0,"pct":69.23}}
,"C:\\Metrologia\\lib\\calibrations.ts": {"lines":{"total":85,"covered":75,"skipped":0,"pct":88.23},"functions":{"total":20,"covered":18,"skipped":0,"pct":90},"statements":{"total":87,"covered":77,"skipped":0,"pct":88.5},"branches":{"total":101,"covered":82,"skipped":0,"pct":81.18}}
,"C:\\Metrologia\\lib\\categories.ts": {"lines":{"total":5,"covered":5,"skipped":0,"pct":100},"functions":{"total":3,"covered":3,"skipped":0,"pct":100},"statements":{"total":5,"covered":5,"skipped":0,"pct":100},"branches":{"total":5,"covered":3,"skipped":0,"pct":60}}
,"C:\\Metrologia\\lib\\dashboard-metrics.ts": {"lines":{"total":28,"covered":18,"skipped":0,"pct":64.28},"functions":{"total":13,"covered":9,"skipped":0,"pct":69.23},"statements":{"total":34,"covered":22,"skipped":0,"pct":64.7},"branches":{"total":19,"covered":10,"skipped":0,"pct":52.63}}
,"C:\\Metrologia\\lib\\date-utils.ts": {"lines":{"total":10,"covered":10,"skipped":0,"pct":100},"functions":{"total":3,"covered":3,"skipped":0,"pct":100},"statements":{"total":10,"covered":10,"skipped":0,"pct":100},"branches":{"total":9,"covered":8,"skipped":0,"pct":88.88}}
,"C:\\Metrologia\\lib\\instruments.ts": {"lines":{"total":70,"covered":58,"skipped":0,"pct":82.85},"functions":{"total":19,"covered":18,"skipped":0,"pct":94.73},"statements":{"total":72,"covered":60,"skipped":0,"pct":83.33},"branches":{"total":67,"covered":45,"skipped":0,"pct":67.16}}
,"C:\\Metrologia\\lib\\measurement-fields.ts": {"lines":{"total":62,"covered":56,"skipped":0,"pct":90.32},"functions":{"total":19,"covered":18,"skipped":0,"pct":94.73},"statements":{"total":63,"covered":57,"skipped":0,"pct":90.47},"branches":{"total":74,"covered":50,"skipped":0,"pct":67.56}}
,"C:\\Metrologia\\lib\\measurements.ts": {"lines":{"total":23,"covered":20,"skipped":0,"pct":86.95},"functions":{"total":9,"covered":8,"skipped":0,"pct":88.88},"statements":{"total":23,"covered":20,"skipped":0,"pct":86.95},"branches":{"total":10,"covered":7,"skipped":0,"pct":70}}
}
